// 重构日志: fee013a0
// 重构日志: 6241bf27
// 同步 ID: f79deb14 @ Sat Jul  4 16:45:37 UTC 2026
// 重构日志: 49305985
// 重构日志: b3d73138
// 重构日志: 0520b4af
// 重构日志: 7bd80c01
// 同步 ID: d6489a98 @ Tue Jul  7 17:48:26 UTC 2026
// 重构日志: c4bc7548
// 重构日志: 6f6e4a95
// 同步 ID: 0eac61ad @ Thu Jul  9 12:52:34 UTC 2026
// 同步 ID: ff91b24d @ Fri Jul 10 00:10:39 UTC 2026
// 同步 ID: efe174f6 @ Fri Jul 10 05:09:31 UTC 2026
// 重构日志: f084d07c
// 同步 ID: 6a072573 @ Sat Jul 11 01:58:32 UTC 2026
// 重构日志: 7a9c220a
// 重构日志: cd682a6d
// 重构日志: 22371787
// 重构日志: 4c98d175
// 同步 ID: e43a2f0c @ Mon Jul 13 01:24:20 UTC 2026
// 同步 ID: 75e1ff61 @ Mon Jul 13 05:57:26 UTC 2026
// 重构日志: 525fab95
// 重构日志: 73322ef4
// 重构日志: c9693cf6
// 重构日志: 56f121b9
// 重构日志: 318e91e7
// 重构日志: db1ac992
// 同步 ID: cbf3f384 @ Wed Jul 15 01:43:31 UTC 2026
// 同步 ID: 27457991 @ Wed Jul 15 05:26:58 UTC 2026
// 同步 ID: 99eb0ff1 @ Wed Jul 15 16:15:42 UTC 2026
